# JRE version: OpenJDK Runtime Environment (8.0_242) (build 1.8.0_242-release-1644-b3-6222593)
# Java VM: OpenJDK 64-Bit Server VM (25.242-b3-6222593 mixed mode linux-amd64 compressed oops)
Heap:
 PSYoungGen      total 108032K, used 35797K [0x00000000e0000000, 0x00000000e7600000, 0x0000000100000000)
  eden space 97792K, 27% used [0x00000000e0000000,0x00000000e1a2c798,0x00000000e5f80000)
  from space 10240K, 87% used [0x00000000e6a00000,0x00000000e72c9000,0x00000000e7400000)
  to   space 10752K, 0% used [0x00000000e5f80000,0x00000000e5f80000,0x00000000e6a00000)
 ParOldGen       total 57856K, used 9283K [0x00000000a0000000, 0x00000000a3880000, 0x00000000e0000000)
  object space 57856K, 16% used [0x00000000a0000000,0x00000000a0910fa0,0x00000000a3880000)
 Metaspace       used 33909K, capacity 35248K, committed 35456K, reserved 1079296K
  class space    used 4572K, capacity 4879K, committed 4992K, reserved 1048576K
GC Heap History (10 events):
Event: 7.486 GC heap before
{Heap before GC invocations=5 (full 0):
 PSYoungGen      total 36864K, used 36848K [0x00000000e0000000, 0x00000000e4800000, 0x0000000100000000)
  eden space 31744K, 100% used [0x00000000e0000000,0x00000000e1f00000,0x00000000e1f00000)
  from space 5120K, 99% used [0x00000000e2400000,0x00000000e28fc020,0x00000000e2900000)
  to   space 5120K, 0% used [0x00000000e1f00000,0x00000000e1f00000,0x00000000e2400000)
 ParOldGen       total 84992K, used 4303K [0x00000000a0000000, 0x00000000a5300000, 0x00000000e0000000)
  object space 84992K, 5% used [0x00000000a0000000,0x00000000a0433cf0,0x00000000a5300000)
 Metaspace       used 18221K, capacity 18918K, committed 19072K, reserved 1064960K
  class space    used 2494K, capacity 2683K, committed 2688K, reserved 1048576K
Event: 7.497 GC heap after
Heap after GC invocations=5 (full 0):
 PSYoungGen      total 36864K, used 5104K [0x00000000e0000000, 0x00000000e5100000, 0x0000000100000000)
  eden space 31744K, 0% used [0x00000000e0000000,0x00000000e0000000,0x00000000e1f00000)
  from space 5120K, 99% used [0x00000000e1f00000,0x00000000e23fc020,0x00000000e2400000)
  to   space 9728K, 0% used [0x00000000e4780000,0x00000000e4780000,0x00000000e5100000)
 ParOldGen       total 84992K, used 7151K [0x00000000a0000000, 0x00000000a5300000, 0x00000000e0000000)
  object space 84992K, 8% used [0x00000000a0000000,0x00000000a06fbda8,0x00000000a5300000)
 Metaspace       used 18221K, capacity 18918K, committed 19072K, reserved 1064960K
  class space    used 2494K, capacity 2683K, committed 2688K, reserved 1048576K
}
Event: 8.556 GC heap before
{Heap before GC invocations=6 (full 0):
 PSYoungGen      total 36864K, used 34780K [0x00000000e0000000, 0x00000000e5100000, 0x0000000100000000)
  eden space 31744K, 93% used [0x00000000e0000000,0x00000000e1cfb080,0x00000000e1f00000)
  from space 5120K, 99% used [0x00000000e1f00000,0x00000000e23fc020,0x00000000e2400000)
  to   space 9728K, 0% used [0x00000000e4780000,0x00000000e4780000,0x00000000e5100000)
 ParOldGen       total 84992K, used 7151K [0x00000000a0000000, 0x00000000a5300000, 0x00000000e0000000)
  object space 84992K, 8% used [0x00000000a0000000,0x00000000a06fbda8,0x00000000a5300000)
 Metaspace       used 20433K, capacity 21230K, committed 21296K, reserved 1067008K
  class space    used 2850K, capacity 3053K, committed 3072K, reserved 1048576K
Event: 8.572 GC heap after
Heap after GC invocations=6 (full 0):
 PSYoungGen      total 72192K, used 8701K [0x00000000e0000000, 0x00000000e5300000, 0x0000000100000000)
  eden space 62464K, 0% used [0x00000000e0000000,0x00000000e0000000,0x00000000e3d00000)
  from space 9728K, 89% used [0x00000000e4780000,0x00000000e4fff770,0x00000000e5100000)
  to   space 10752K, 0% used [0x00000000e3d00000,0x00000000e3d00000,0x00000000e4780000)
 ParOldGen       total 84992K, used 7159K [0x00000000a0000000, 0x00000000a5300000, 0x00000000e0000000)
  object space 84992K, 8% used [0x00000000a0000000,0x00000000a06fdda8,0x00000000a5300000)
 Metaspace       used 20433K, capacity 21230K, committed 21296K, reserved 1067008K
  class space    used 2850K, capacity 3053K, committed 3072K, reserved 1048576K
}
Event: 8.572 GC heap before
{Heap before GC invocations=7 (full 1):
 PSYoungGen      total 72192K, used 8701K [0x00000000e0000000, 0x00000000e5300000, 0x0000000100000000)
  eden space 62464K, 0% used [0x00000000e0000000,0x00000000e0000000,0x00000000e3d00000)
  from space 9728K, 89% used [0x00000000e4780000,0x00000000e4fff770,0x00000000e5100000)
  to   space 10752K, 0% used [0x00000000e3d00000,0x00000000e3d00000,0x00000000e4780000)
 ParOldGen       total 84992K, used 7159K [0x00000000a0000000, 0x00000000a5300000, 0x00000000e0000000)
  object space 84992K, 8% used [0x00000000a0000000,0x00000000a06fdda8,0x00000000a5300000)
 Metaspace       used 20433K, capacity 21230K, committed 21296K, reserved 1067008K
  class space    used 2850K, capacity 3053K, committed 3072K, reserved 1048576K
Event: 8.634 GC heap after
Heap after GC invocations=7 (full 1):
 PSYoungGen      total 72192K, used 0K [0x00000000e0000000, 0x00000000e5300000, 0x0000000100000000)
  eden space 62464K, 0% used [0x00000000e0000000,0x00000000e0000000,0x00000000e3d00000)
  from space 9728K, 0% used [0x00000000e4780000,0x00000000e4780000,0x00000000e5100000)
  to   space 10752K, 0% used [0x00000000e3d00000,0x00000000e3d00000,0x00000000e4780000)
 ParOldGen       total 57856K, used 9267K [0x00000000a0000000, 0x00000000a3880000, 0x00000000e0000000)
  object space 57856K, 16% used [0x00000000a0000000,0x00000000a090cfa0,0x00000000a3880000)
 Metaspace       used 20433K, capacity 21230K, committed 21296K, reserved 1067008K
  class space    used 2850K, capacity 3053K, committed 3072K, reserved 1048576K
}
Event: 10.560 GC heap before
{Heap before GC invocations=8 (full 1):
 PSYoungGen      total 72192K, used 62464K [0x00000000e0000000, 0x00000000e5300000, 0x0000000100000000)
  eden space 62464K, 100% used [0x00000000e0000000,0x00000000e3d00000,0x00000000e3d00000)
  from space 9728K, 0% used [0x00000000e4780000,0x00000000e4780000,0x00000000e5100000)
  to   space 10752K, 0% used [0x00000000e3d00000,0x00000000e3d00000,0x00000000e4780000)
 ParOldGen       total 57856K, used 9267K [0x00000000a0000000, 0x00000000a3880000, 0x00000000e0000000)
  object space 57856K, 16% used [0x00000000a0000000,0x00000000a090cfa0,0x00000000a3880000)
 Metaspace       used 25623K, capacity 26576K, committed 26752K, reserved 1073152K
  class space    used 3662K, capacity 3921K, committed 3968K, reserved 1048576K
Event: 10.570 GC heap after
Heap after GC invocations=8 (full 1):
 PSYoungGen      total 73216K, used 6786K [0x00000000e0000000, 0x00000000e7400000, 0x0000000100000000)
  eden space 62464K, 0% used [0x00000000e0000000,0x00000000e0000000,0x00000000e3d00000)
  from space 10752K, 63% used [0x00000000e3d00000,0x00000000e43a0a58,0x00000000e4780000)
  to   space 10240K, 0% used [0x00000000e6a00000,0x00000000e6a00000,0x00000000e7400000)
 ParOldGen       total 57856K, used 9275K [0x00000000a0000000, 0x00000000a3880000, 0x00000000e0000000)
  object space 57856K, 16% used [0x00000000a0000000,0x00000000a090efa0,0x00000000a3880000)
 Metaspace       used 25623K, capacity 26576K, committed 26752K, reserved 1073152K
  class space    used 3662K, capacity 3921K, committed 3968K, reserved 1048576K
}
Event: 12.120 GC heap before
{Heap before GC invocations=9 (full 1):
 PSYoungGen      total 73216K, used 69250K [0x00000000e0000000, 0x00000000e7400000, 0x0000000100000000)
  eden space 62464K, 100% used [0x00000000e0000000,0x00000000e3d00000,0x00000000e3d00000)
  from space 10752K, 63% used [0x00000000e3d00000,0x00000000e43a0a58,0x00000000e4780000)
  to   space 10240K, 0% used [0x00000000e6a00000,0x00000000e6a00000,0x00000000e7400000)
 ParOldGen       total 57856K, used 9275K [0x00000000a0000000, 0x00000000a3880000, 0x00000000e0000000)
  object space 57856K, 16% used [0x00000000a0000000,0x00000000a090efa0,0x00000000a3880000)
 Metaspace       used 32826K, capacity 33976K, committed 34304K, reserved 1079296K
  class space    used 4439K, capacity 4745K, committed 4864K, reserved 1048576K
Event: 12.139 GC heap after
Heap after GC invocations=9 (full 1):
 PSYoungGen      total 108032K, used 8996K [0x00000000e0000000, 0x00000000e7600000, 0x0000000100000000)
  eden space 97792K, 0% used [0x00000000e0000000,0x00000000e0000000,0x00000000e5f80000)
  from space 10240K, 87% used [0x00000000e6a00000,0x00000000e72c9000,0x00000000e7400000)
  to   space 10752K, 0% used [0x00000000e5f80000,0x00000000e5f80000,0x00000000e6a00000)
 ParOldGen       total 57856K, used 9283K [0x00000000a0000000, 0x00000000a3880000, 0x00000000e0000000)
  object space 57856K, 16% used [0x00000000a0000000,0x00000000a0910fa0,0x00000000a3880000)
 Metaspace       used 32826K, capacity 33976K, committed 34304K, reserved 1079296K
  class space    used 4439K, capacity 4745K, committed 4864K, reserved 1048576K
}

